Base path: '/Applications/Unity/Hub/Editor/2019.4.11f1/Unity.app/Contents', plugins path '/Applications/Unity/Hub/Editor/2019.4.11f1/Unity.app/Contents/PlaybackEngines'
Cmd: initializeCompiler
Cmd: compileComputeKernel
  api=14 insize=12109 outsize=2755 ok=1
Cmd: translateComputeKernel
  api=14 insize=3830 outsize=4087 ok=1
Cmd: compileComputeKernel
  api=14 insize=11985 outsize=2853 ok=1
Cmd: compileComputeKernel
  api=14 insize=11985 outsize=3008 ok=1
Cmd: compileComputeKernel
  api=14 insize=11985 outsize=2999 ok=1
Cmd: translateComputeKernel
  api=14 insize=2923 outsize=3389 ok=1
Cmd: translateComputeKernel
  api=14 insize=2955 outsize=3435 ok=1
Cmd: translateComputeKernel
  api=14 insize=2986 outsize=3472 ok=1
Cmd: compileComputeKernel
  api=14 insize=18301 outsize=4787 ok=1
Cmd: translateComputeKernel
  api=14 insize=5117 outsize=8297 ok=1
Cmd: compileComputeKernel
  api=14 insize=66874 outsize=15531 ok=1
Cmd: compileComputeKernel
  api=14 insize=66874 outsize=4051 ok=1
Cmd: compileComputeKernel
  api=14 insize=66874 outsize=4051 ok=1
Cmd: compileComputeKernel
  api=14 insize=66874 outsize=4085 ok=1
Cmd: compileComputeKernel
  api=14 insize=66874 outsize=3433 ok=1
Cmd: compileComputeKernel
  api=14 insize=66874 outsize=5592 ok=1
Cmd: compileComputeKernel
  api=14 insize=66874 outsize=3559 ok=1
Cmd: translateComputeKernel
  api=14 insize=5898 outsize=7835 ok=1
Cmd: translateComputeKernel
  api=14 insize=4443 outsize=4325 ok=1
Cmd: translateComputeKernel
  api=14 insize=4460 outsize=4598 ok=1
Cmd: translateComputeKernel
  api=14 insize=4100 outsize=3707 ok=1
Cmd: translateComputeKernel
  api=14 insize=4123 outsize=3722 ok=1
Cmd: translateComputeKernel
  api=14 insize=4333 outsize=4054 ok=1
Cmd: translateComputeKernel
  api=14 insize=4134 outsize=3751 ok=1
Cmd: translateComputeKernel
  api=14 insize=4124 outsize=3749 ok=1
Cmd: translateComputeKernel
  api=14 insize=4149 outsize=3750 ok=1
Cmd: translateComputeKernel
  api=14 insize=5138 outsize=5756 ok=1
Cmd: translateComputeKernel
  api=14 insize=4735 outsize=5013 ok=1
Cmd: translateComputeKernel
  api=14 insize=4877 outsize=5255 ok=1
Cmd: translateComputeKernel
  api=14 insize=4154 outsize=3857 ok=1
Cmd: translateComputeKernel
  api=14 insize=6064 outsize=7658 ok=1
Cmd: translateComputeKernel
  api=14 insize=5176 outsize=5646 ok=1
Cmd: translateComputeKernel
  api=14 insize=6800 outsize=11046 ok=1
Cmd: translateComputeKernel
  api=14 insize=1151 outsize=1287 ok=1
Cmd: compileComputeKernel
  api=14 insize=34089 outsize=2242 ok=1
Cmd: compileComputeKernel
  api=14 insize=34089 outsize=2152 ok=1
Cmd: compileComputeKernel
  api=14 insize=34089 outsize=2382 ok=1
Cmd: compileComputeKernel
  api=14 insize=34089 outsize=2221 ok=1
Cmd: compileComputeKernel
  api=14 insize=34089 outsize=2231 ok=1
Cmd: compileComputeKernel
  api=14 insize=34089 outsize=2764 ok=1
Cmd: compileComputeKernel
  api=14 insize=34089 outsize=2996 ok=1
Cmd: compileComputeKernel
  api=14 insize=34089 outsize=2812 ok=1
Cmd: compileComputeKernel
  api=14 insize=34089 outsize=2760 ok=1
Cmd: compileComputeKernel
  api=14 insize=34089 outsize=2818 ok=1
Cmd: translateComputeKernel
  api=14 insize=2341 outsize=2034 ok=1
Cmd: translateComputeKernel
  api=14 insize=2347 outsize=2054 ok=1
Cmd: translateComputeKernel
  api=14 insize=2378 outsize=2072 ok=1
Cmd: translateComputeKernel
  api=14 insize=2545 outsize=2297 ok=1
Cmd: translateComputeKernel
  api=14 insize=2637 outsize=2490 ok=1
Cmd: translateComputeKernel
  api=14 insize=2486 outsize=2276 ok=1
Cmd: translateComputeKernel
  api=14 insize=2694 outsize=2557 ok=1
Cmd: translateComputeKernel
  api=14 insize=2446 outsize=2221 ok=1
Cmd: translateComputeKernel
  api=14 insize=1458 outsize=1302 ok=1
Cmd: translateComputeKernel
  api=14 insize=2401 outsize=2145 ok=1
Cmd: translateComputeKernel
  api=14 insize=2383 outsize=2079 ok=1
Cmd: translateComputeKernel
  api=14 insize=2385 outsize=2092 ok=1
Cmd: translateComputeKernel
  api=14 insize=2799 outsize=2822 ok=1
Cmd: translateComputeKernel
  api=14 insize=2954 outsize=3198 ok=1
Cmd: translateComputeKernel
  api=14 insize=3527 outsize=4297 ok=1
Cmd: translateComputeKernel
  api=14 insize=3058 outsize=3535 ok=1
Cmd: translateComputeKernel
  api=14 insize=3002 outsize=3287 ok=1
Cmd: translateComputeKernel
  api=14 insize=2996 outsize=3280 ok=1
Cmd: translateComputeKernel
  api=14 insize=2962 outsize=3232 ok=1
Cmd: translateComputeKernel
  api=14 insize=2881 outsize=3307 ok=1
Cmd: translateComputeKernel
  api=14 insize=2921 outsize=3334 ok=1
Cmd: translateComputeKernel
  api=14 insize=2949 outsize=3371 ok=1
Cmd: compileComputeKernel
  api=14 insize=79248 outsize=9312 ok=1
Cmd: compileComputeKernel
  api=14 insize=79248 outsize=35497 ok=1
Cmd: translateComputeKernel
  api=14 insize=13863 outsize=26084 ok=1
Cmd: translateComputeKernel
  api=14 insize=31780 outsize=59995 ok=1
Cmd: compileComputeKernel
  api=14 insize=4442 outsize=3014 ok=1
Cmd: translateComputeKernel
  api=14 insize=2858 outsize=3380 ok=1
Cmd: compileSnippet
  api=14 type=0 insize=2364 outsize=4285 kw=_MAIN_LIGHT_SHADOWS _MAIN_LIGHT_SHADOWS_CASCADE _SHADOWS_SOFT pd=UNITY_ENABLE_REFLECTION_BUFFERS UNITY_USE_DITHER_MASK_FOR_ALPHABLENDED_SHADOWS UNITY_PBS_USE_BRDF1 UNITY_SPECCUBE_BOX_PROJECTION UNITY_SPECCUBE_BLENDING UNITY_ENABLE_DETAIL_NORMALMAP SHADER_API_DESKTOP UNITY_LIGHT_PROBE_PROXY_VOLUME UNITY_LIGHTMAP_RGBM_ENCODING ok=1
Cmd: compileSnippet
  api=14 type=0 insize=2364 outsize=4484 kw=_MAIN_LIGHT_SHADOWS _MAIN_LIGHT_SHADOWS_CASCADE _SHADOWS_SOFT _NORMALMAP _METALLICSPECGLOSSMAP pd=UNITY_ENABLE_REFLECTION_BUFFERS UNITY_USE_DITHER_MASK_FOR_ALPHABLENDED_SHADOWS UNITY_PBS_USE_BRDF1 UNITY_SPECCUBE_BOX_PROJECTION UNITY_SPECCUBE_BLENDING UNITY_ENABLE_DETAIL_NORMALMAP SHADER_API_DESKTOP UNITY_LIGHT_PROBE_PROXY_VOLUME UNITY_LIGHTMAP_RGBM_ENCODING ok=1
